Analysis & Synthesis report for piano
Sun Apr 28 11:10:54 2024
Quartus Prime Version 18.1.0 Build 625 09/12/2018 SJ Lite Edition


---------------------
; Table of Contents ;
---------------------
  1. Legal Notice
  2. Analysis & Synthesis Summary
  3. Analysis & Synthesis Settings
  4. Parallel Compilation
  5. Analysis & Synthesis Source Files Read
  6. Analysis & Synthesis Resource Usage Summary
  7. Analysis & Synthesis Resource Utilization by Entity
  8. Analysis & Synthesis IP Cores Summary
  9. General Register Statistics
 10. Inverted Register Statistics
 11. Multiplexer Restructuring Statistics (Restructuring Performed)
 12. Parameter Settings for User Entity Instance: clock:inst|altpll:altpll_component
 13. altpll Parameter Settings by Entity Instance
 14. Post-Synthesis Netlist Statistics for Top Partition
 15. Elapsed Time Per Partition
 16. Analysis & Synthesis Messages
 17. Analysis & Synthesis Suppressed Messages



----------------
; Legal Notice ;
----------------
Copyright (C) 2018  Intel Corporation. All rights reserved.
Your use of Intel Corporation's design tools, logic functions 
and other software and tools, and its AMPP partner logic 
functions, and any output files from any of the foregoing 
(including device programming or simulation files), and any 
associated documentation or information are expressly subject 
to the terms and conditions of the Intel Program License 
Subscription Agreement, the Intel Quartus Prime License Agreement,
the Intel FPGA IP License Agreement, or other applicable license
agreement, including, without limitation, that your use is for
the sole purpose of programming logic devices manufactured by
Intel and sold by Intel or its authorized distributors.  Please
refer to the applicable agreement for further details.



+----------------------------------------------------------------------------------+
; Analysis & Synthesis Summary                                                     ;
+------------------------------------+---------------------------------------------+
; Analysis & Synthesis Status        ; Successful - Sun Apr 28 11:10:54 2024       ;
; Quartus Prime Version              ; 18.1.0 Build 625 09/12/2018 SJ Lite Edition ;
; Revision Name                      ; piano                                       ;
; Top-level Entity Name              ; piano                                       ;
; Family                             ; MAX 10                                      ;
; Total logic elements               ; 288                                         ;
;     Total combinational functions  ; 282                                         ;
;     Dedicated logic registers      ; 54                                          ;
; Total registers                    ; 54                                          ;
; Total pins                         ; 12                                          ;
; Total virtual pins                 ; 0                                           ;
; Total memory bits                  ; 0                                           ;
; Embedded Multiplier 9-bit elements ; 0                                           ;
; Total PLLs                         ; 1                                           ;
; UFM blocks                         ; 0                                           ;
; ADC blocks                         ; 0                                           ;
+------------------------------------+---------------------------------------------+


+------------------------------------------------------------------------------------------------------------+
; Analysis & Synthesis Settings                                                                              ;
+------------------------------------------------------------------+--------------------+--------------------+
; Option                                                           ; Setting            ; Default Value      ;
+------------------------------------------------------------------+--------------------+--------------------+
; Device                                                           ; 10M08SAM153C8G     ;                    ;
; Top-level entity name                                            ; piano              ; piano              ;
; Family name                                                      ; MAX 10             ; Cyclone V          ;
; Use smart compilation                                            ; Off                ; Off                ;
; Enable parallel Assembler and Timing Analyzer during compilation ; On                 ; On                 ;
; Enable compact report table                                      ; Off                ; Off                ;
; Restructure Multiplexers                                         ; Auto               ; Auto               ;
; Create Debugging Nodes for IP Cores                              ; Off                ; Off                ;
; Preserve fewer node names                                        ; On                 ; On                 ;
; Intel FPGA IP Evaluation Mode                                    ; Enable             ; Enable             ;
; Verilog Version                                                  ; Verilog_2001       ; Verilog_2001       ;
; VHDL Version                                                     ; VHDL_1993          ; VHDL_1993          ;
; State Machine Processing                                         ; Auto               ; Auto               ;
; Safe State Machine                                               ; Off                ; Off                ;
; Extract Verilog State Machines                                   ; On                 ; On                 ;
; Extract VHDL State Machines                                      ; On                 ; On                 ;
; Ignore Verilog initial constructs                                ; Off                ; Off                ;
; Iteration limit for constant Verilog loops                       ; 5000               ; 5000               ;
; Iteration limit for non-constant Verilog loops                   ; 250                ; 250                ;
; Add Pass-Through Logic to Inferred RAMs                          ; On                 ; On                 ;
; Infer RAMs from Raw Logic                                        ; On                 ; On                 ;
; Parallel Synthesis                                               ; On                 ; On                 ;
; DSP Block Balancing                                              ; Auto               ; Auto               ;
; NOT Gate Push-Back                                               ; On                 ; On                 ;
; Power-Up Don't Care                                              ; On                 ; On                 ;
; Remove Redundant Logic Cells                                     ; Off                ; Off                ;
; Remove Duplicate Registers                                       ; On                 ; On                 ;
; Ignore CARRY Buffers                                             ; Off                ; Off                ;
; Ignore CASCADE Buffers                                           ; Off                ; Off                ;
; Ignore GLOBAL Buffers                                            ; Off                ; Off                ;
; Ignore ROW GLOBAL Buffers                                        ; Off                ; Off                ;
; Ignore LCELL Buffers                                             ; Off                ; Off                ;
; Ignore SOFT Buffers                                              ; On                 ; On                 ;
; Limit AHDL Integers to 32 Bits                                   ; Off                ; Off                ;
; Optimization Technique                                           ; Balanced           ; Balanced           ;
; Carry Chain Length                                               ; 70                 ; 70                 ;
; Auto Carry Chains                                                ; On                 ; On                 ;
; Auto Open-Drain Pins                                             ; On                 ; On                 ;
; Perform WYSIWYG Primitive Resynthesis                            ; Off                ; Off                ;
; Auto ROM Replacement                                             ; On                 ; On                 ;
; Auto RAM Replacement                                             ; On                 ; On                 ;
; Auto DSP Block Replacement                                       ; On                 ; On                 ;
; Auto Shift Register Replacement                                  ; Auto               ; Auto               ;
; Allow Shift Register Merging across Hierarchies                  ; Auto               ; Auto               ;
; Auto Clock Enable Replacement                                    ; On                 ; On                 ;
; Strict RAM Replacement                                           ; Off                ; Off                ;
; Allow Synchronous Control Signals                                ; On                 ; On                 ;
; Force Use of Synchronous Clear Signals                           ; Off                ; Off                ;
; Auto RAM Block Balancing                                         ; On                 ; On                 ;
; Auto RAM to Logic Cell Conversion                                ; Off                ; Off                ;
; Auto Resource Sharing                                            ; Off                ; Off                ;
; Allow Any RAM Size For Recognition                               ; Off                ; Off                ;
; Allow Any ROM Size For Recognition                               ; Off                ; Off                ;
; Allow Any Shift Register Size For Recognition                    ; Off                ; Off                ;
; Use LogicLock Constraints during Resource Balancing              ; On                 ; On                 ;
; Ignore translate_off and synthesis_off directives                ; Off                ; Off                ;
; Timing-Driven Synthesis                                          ; On                 ; On                 ;
; Report Parameter Settings                                        ; On                 ; On                 ;
; Report Source Assignments                                        ; On                 ; On                 ;
; Report Connectivity Checks                                       ; On                 ; On                 ;
; Ignore Maximum Fan-Out Assignments                               ; Off                ; Off                ;
; Synchronization Register Chain Length                            ; 2                  ; 2                  ;
; Power Optimization During Synthesis                              ; Normal compilation ; Normal compilation ;
; HDL message level                                                ; Level2             ; Level2             ;
; Suppress Register Optimization Related Messages                  ; Off                ; Off                ;
; Number of Removed Registers Reported in Synthesis Report         ; 5000               ; 5000               ;
; Number of Swept Nodes Reported in Synthesis Report               ; 5000               ; 5000               ;
; Number of Inverted Registers Reported in Synthesis Report        ; 100                ; 100                ;
; Clock MUX Protection                                             ; On                 ; On                 ;
; Auto Gated Clock Conversion                                      ; Off                ; Off                ;
; Block Design Naming                                              ; Auto               ; Auto               ;
; SDC constraint protection                                        ; Off                ; Off                ;
; Synthesis Effort                                                 ; Auto               ; Auto               ;
; Shift Register Replacement - Allow Asynchronous Clear Signal     ; On                 ; On                 ;
; Pre-Mapping Resynthesis Optimization                             ; Off                ; Off                ;
; Analysis & Synthesis Message Level                               ; Medium             ; Medium             ;
; Disable Register Merging Across Hierarchies                      ; Auto               ; Auto               ;
; Resource Aware Inference For Block RAM                           ; On                 ; On                 ;
+------------------------------------------------------------------+--------------------+--------------------+


+------------------------------------------+
; Parallel Compilation                     ;
+----------------------------+-------------+
; Processors                 ; Number      ;
+----------------------------+-------------+
; Number detected on machine ; 16          ;
; Maximum allowed            ; 16          ;
;                            ;             ;
; Average used               ; 1.00        ;
; Maximum used               ; 16          ;
;                            ;             ;
; Usage by Processor         ; % Time Used ;
;     Processor 1            ; 100.0%      ;
;     Processor 2            ;   0.0%      ;
;     Processors 3-16        ;   0.0%      ;
+----------------------------+-------------+


+------------------------------------------------------------------------------------------------------------------------------------------------------------------------------+
; Analysis & Synthesis Source Files Read                                                                                                                                       ;
+----------------------------------+-----------------+------------------------------------+--------------------------------------------------------------------------+---------+
; File Name with User-Entered Path ; Used in Netlist ; File Type                          ; File Name with Absolute Path                                             ; Library ;
+----------------------------------+-----------------+------------------------------------+--------------------------------------------------------------------------+---------+
; mat_key.v                        ; yes             ; User Verilog HDL File              ; C:/code/piano/mat_key.v                                                  ;         ;
; select_music.v                   ; yes             ; User Verilog HDL File              ; C:/code/piano/select_music.v                                             ;         ;
; SPKER.v                          ; yes             ; User Verilog HDL File              ; C:/code/piano/SPKER.v                                                    ;         ;
; FDIV.v                           ; yes             ; User Verilog HDL File              ; C:/code/piano/FDIV.v                                                     ;         ;
; F_CODE.v                         ; yes             ; User Verilog HDL File              ; C:/code/piano/F_CODE.v                                                   ;         ;
; CNT138T.v                        ; yes             ; User Verilog HDL File              ; C:/code/piano/CNT138T.v                                                  ;         ;
; ROM_music.v                      ; yes             ; User Verilog HDL File              ; C:/code/piano/ROM_music.v                                                ;         ;
; piano.bdf                        ; yes             ; User Block Diagram/Schematic File  ; C:/code/piano/piano.bdf                                                  ;         ;
; ROM_music2.v                     ; yes             ; User Verilog HDL File              ; C:/code/piano/ROM_music2.v                                               ;         ;
; ROM_music3.v                     ; yes             ; User Verilog HDL File              ; C:/code/piano/ROM_music3.v                                               ;         ;
; ROM_music1.v                     ; yes             ; User Verilog HDL File              ; C:/code/piano/ROM_music1.v                                               ;         ;
; clock.v                          ; yes             ; User Wizard-Generated File         ; C:/code/piano/clock.v                                                    ;         ;
; select.v                         ; yes             ; User Verilog HDL File              ; C:/code/piano/select.v                                                   ;         ;
; debounce.v                       ; yes             ; User Verilog HDL File              ; C:/code/piano/debounce.v                                                 ;         ;
; altpll.tdf                       ; yes             ; Megafunction                       ; c:/intelfpga_lite/18.1/quartus/libraries/megafunctions/altpll.tdf        ;         ;
; aglobal181.inc                   ; yes             ; Megafunction                       ; c:/intelfpga_lite/18.1/quartus/libraries/megafunctions/aglobal181.inc    ;         ;
; stratix_pll.inc                  ; yes             ; Megafunction                       ; c:/intelfpga_lite/18.1/quartus/libraries/megafunctions/stratix_pll.inc   ;         ;
; stratixii_pll.inc                ; yes             ; Megafunction                       ; c:/intelfpga_lite/18.1/quartus/libraries/megafunctions/stratixii_pll.inc ;         ;
; cycloneii_pll.inc                ; yes             ; Megafunction                       ; c:/intelfpga_lite/18.1/quartus/libraries/megafunctions/cycloneii_pll.inc ;         ;
; db/clock_altpll.v                ; yes             ; Auto-Generated Megafunction        ; C:/code/piano/db/clock_altpll.v                                          ;         ;
+----------------------------------+-----------------+------------------------------------+--------------------------------------------------------------------------+---------+


+---------------------------------------------------------------------+
; Analysis & Synthesis Resource Usage Summary                         ;
+---------------------------------------------+-----------------------+
; Resource                                    ; Usage                 ;
+---------------------------------------------+-----------------------+
; Estimated Total logic elements              ; 288                   ;
;                                             ;                       ;
; Total combinational functions               ; 282                   ;
; Logic element usage by number of LUT inputs ;                       ;
;     -- 4 input functions                    ; 196                   ;
;     -- 3 input functions                    ; 37                    ;
;     -- <=2 input functions                  ; 49                    ;
;                                             ;                       ;
; Logic elements by mode                      ;                       ;
;     -- normal mode                          ; 257                   ;
;     -- arithmetic mode                      ; 25                    ;
;                                             ;                       ;
; Total registers                             ; 54                    ;
;     -- Dedicated logic registers            ; 54                    ;
;     -- I/O registers                        ; 0                     ;
;                                             ;                       ;
; I/O pins                                    ; 12                    ;
;                                             ;                       ;
; Embedded Multiplier 9-bit elements          ; 0                     ;
;                                             ;                       ;
; Total PLLs                                  ; 1                     ;
;     -- PLLs                                 ; 1                     ;
;                                             ;                       ;
; Maximum fan-out node                        ; CNT138T:inst10|CNT[2] ;
; Maximum fan-out                             ; 89                    ;
; Total fan-out                               ; 1153                  ;
; Average fan-out                             ; 3.19                  ;
+---------------------------------------------+-----------------------+


+---------------------------------------------------------------------------------------------------------------------------------------------------------------------------------------------------------------------------------------------------------------------------------------------------+
; Analysis & Synthesis Resource Utilization by Entity                                                                                                                                                                                                                                               ;
+----------------------------------------+---------------------+---------------------------+-------------+------------+--------------+---------+-----------+------+--------------+------------+-----------------------------------------------------------------------+--------------+--------------+
; Compilation Hierarchy Node             ; Combinational ALUTs ; Dedicated Logic Registers ; Memory Bits ; UFM Blocks ; DSP Elements ; DSP 9x9 ; DSP 18x18 ; Pins ; Virtual Pins ; ADC blocks ; Full Hierarchy Name                                                   ; Entity Name  ; Library Name ;
+----------------------------------------+---------------------+---------------------------+-------------+------------+--------------+---------+-----------+------+--------------+------------+-----------------------------------------------------------------------+--------------+--------------+
; |piano                                 ; 282 (1)             ; 54 (1)                    ; 0           ; 0          ; 0            ; 0       ; 0         ; 12   ; 0            ; 0          ; |piano                                                                ; piano        ; work         ;
;    |CNT138T:inst10|                    ; 11 (11)             ; 8 (8)                     ; 0           ; 0          ; 0            ; 0       ; 0         ; 0    ; 0            ; 0          ; |piano|CNT138T:inst10                                                 ; CNT138T      ; work         ;
;    |FDIV:inst9|                        ; 15 (15)             ; 12 (12)                   ; 0           ; 0          ; 0            ; 0       ; 0         ; 0    ; 0            ; 0          ; |piano|FDIV:inst9                                                     ; FDIV         ; work         ;
;    |F_CODE:inst4|                      ; 11 (11)             ; 0 (0)                     ; 0           ; 0          ; 0            ; 0       ; 0         ; 0    ; 0            ; 0          ; |piano|F_CODE:inst4                                                   ; F_CODE       ; work         ;
;    |ROM_music1:inst2|                  ; 8 (8)               ; 0 (0)                     ; 0           ; 0          ; 0            ; 0       ; 0         ; 0    ; 0            ; 0          ; |piano|ROM_music1:inst2                                               ; ROM_music1   ; work         ;
;    |ROM_music2:inst3|                  ; 14 (14)             ; 0 (0)                     ; 0           ; 0          ; 0            ; 0       ; 0         ; 0    ; 0            ; 0          ; |piano|ROM_music2:inst3                                               ; ROM_music2   ; work         ;
;    |ROM_music3:inst8|                  ; 9 (9)               ; 0 (0)                     ; 0           ; 0          ; 0            ; 0       ; 0         ; 0    ; 0            ; 0          ; |piano|ROM_music3:inst8                                               ; ROM_music3   ; work         ;
;    |ROM_music:inst1|                   ; 11 (11)             ; 0 (0)                     ; 0           ; 0          ; 0            ; 0       ; 0         ; 0    ; 0            ; 0          ; |piano|ROM_music:inst1                                                ; ROM_music    ; work         ;
;    |SPKER:inst5|                       ; 15 (15)             ; 12 (12)                   ; 0           ; 0          ; 0            ; 0       ; 0         ; 0    ; 0            ; 0          ; |piano|SPKER:inst5                                                    ; SPKER        ; work         ;
;    |clock:inst|                        ; 0 (0)               ; 0 (0)                     ; 0           ; 0          ; 0            ; 0       ; 0         ; 0    ; 0            ; 0          ; |piano|clock:inst                                                     ; clock        ; work         ;
;       |altpll:altpll_component|        ; 0 (0)               ; 0 (0)                     ; 0           ; 0          ; 0            ; 0       ; 0         ; 0    ; 0            ; 0          ; |piano|clock:inst|altpll:altpll_component                             ; altpll       ; work         ;
;          |clock_altpll:auto_generated| ; 0 (0)               ; 0 (0)                     ; 0           ; 0          ; 0            ; 0       ; 0         ; 0    ; 0            ; 0          ; |piano|clock:inst|altpll:altpll_component|clock_altpll:auto_generated ; clock_altpll ; work         ;
;    |debounce:inst14|                   ; 2 (2)               ; 5 (5)                     ; 0           ; 0          ; 0            ; 0       ; 0         ; 0    ; 0            ; 0          ; |piano|debounce:inst14                                                ; debounce     ; work         ;
;    |mat_key:inst13|                    ; 14 (14)             ; 14 (14)                   ; 0           ; 0          ; 0            ; 0       ; 0         ; 0    ; 0            ; 0          ; |piano|mat_key:inst13                                                 ; mat_key      ; work         ;
;    |select:inst12|                     ; 170 (170)           ; 0 (0)                     ; 0           ; 0          ; 0            ; 0       ; 0         ; 0    ; 0            ; 0          ; |piano|select:inst12                                                  ; select       ; work         ;
;    |select_music:inst11|               ; 1 (1)               ; 2 (2)                     ; 0           ; 0          ; 0            ; 0       ; 0         ; 0    ; 0            ; 0          ; |piano|select_music:inst11                                            ; select_music ; work         ;
+----------------------------------------+---------------------+---------------------------+-------------+------------+--------------+---------+-----------+------+--------------+------------+-----------------------------------------------------------------------+--------------+--------------+
Note: For table entries with two numbers listed, the numbers in parentheses indicate the number of resources of the given type used by the specific entity alone. The numbers listed outside of parentheses indicate the total resources of the given type used by the specific entity and all of its sub-entities in the hierarchy.


+-----------------------------------------------------------------------------------------------------+
; Analysis & Synthesis IP Cores Summary                                                               ;
+--------+--------------+---------+--------------+--------------+-------------------+-----------------+
; Vendor ; IP Core Name ; Version ; Release Date ; License Type ; Entity Instance   ; IP Include File ;
+--------+--------------+---------+--------------+--------------+-------------------+-----------------+
; Altera ; ALTPLL       ; 18.1    ; N/A          ; N/A          ; |piano|clock:inst ; clock.v         ;
+--------+--------------+---------+--------------+--------------+-------------------+-----------------+


+------------------------------------------------------+
; General Register Statistics                          ;
+----------------------------------------------+-------+
; Statistic                                    ; Value ;
+----------------------------------------------+-------+
; Total registers                              ; 54    ;
; Number of registers using Synchronous Clear  ; 0     ;
; Number of registers using Synchronous Load   ; 11    ;
; Number of registers using Asynchronous Clear ; 20    ;
; Number of registers using Asynchronous Load  ; 0     ;
; Number of registers using Clock Enable       ; 0     ;
; Number of registers using Preset             ; 0     ;
+----------------------------------------------+-------+


+--------------------------------------------------+
; Inverted Register Statistics                     ;
+----------------------------------------+---------+
; Inverted Register                      ; Fan out ;
+----------------------------------------+---------+
; FDIV:inst9|FULL                        ; 8       ;
; Total number of inverted registers = 1 ;         ;
+----------------------------------------+---------+


+------------------------------------------------------------------------------------------------------------------------------------------+
; Multiplexer Restructuring Statistics (Restructuring Performed)                                                                           ;
+--------------------+-----------+---------------+----------------------+------------------------+------------+----------------------------+
; Multiplexer Inputs ; Bus Width ; Baseline Area ; Area if Restructured ; Saving if Restructured ; Registered ; Example Multiplexer Output ;
+--------------------+-----------+---------------+----------------------+------------------------+------------+----------------------------+
; 5:1                ; 4 bits    ; 12 LEs        ; 12 LEs               ; 0 LEs                  ; No         ; |piano|select:inst12|Q[3]  ;
+--------------------+-----------+---------------+----------------------+------------------------+------------+----------------------------+


+---------------------------------------------------------------------------------+
; Parameter Settings for User Entity Instance: clock:inst|altpll:altpll_component ;
+-------------------------------+-------------------------+-----------------------+
; Parameter Name                ; Value                   ; Type                  ;
+-------------------------------+-------------------------+-----------------------+
; OPERATION_MODE                ; NORMAL                  ; Untyped               ;
; PLL_TYPE                      ; AUTO                    ; Untyped               ;
; LPM_HINT                      ; CBX_MODULE_PREFIX=clock ; Untyped               ;
; QUALIFY_CONF_DONE             ; OFF                     ; Untyped               ;
; COMPENSATE_CLOCK              ; CLK0                    ; Untyped               ;
; SCAN_CHAIN                    ; LONG                    ; Untyped               ;
; PRIMARY_CLOCK                 ; INCLK0                  ; Untyped               ;
; INCLK0_INPUT_FREQUENCY        ; 83333                   ; Signed Integer        ;
; INCLK1_INPUT_FREQUENCY        ; 0                       ; Untyped               ;
; GATE_LOCK_SIGNAL              ; NO                      ; Untyped               ;
; GATE_LOCK_COUNTER             ; 0                       ; Untyped               ;
; LOCK_HIGH                     ; 1                       ; Untyped               ;
; LOCK_LOW                      ; 1                       ; Untyped               ;
; VALID_LOCK_MULTIPLIER         ; 1                       ; Untyped               ;
; INVALID_LOCK_MULTIPLIER       ; 5                       ; Untyped               ;
; SWITCH_OVER_ON_LOSSCLK        ; OFF                     ; Untyped               ;
; SWITCH_OVER_ON_GATED_LOCK     ; OFF                     ; Untyped               ;
; ENABLE_SWITCH_OVER_COUNTER    ; OFF                     ; Untyped               ;
; SKIP_VCO                      ; OFF                     ; Untyped               ;
; SWITCH_OVER_COUNTER           ; 0                       ; Untyped               ;
; SWITCH_OVER_TYPE              ; AUTO                    ; Untyped               ;
; FEEDBACK_SOURCE               ; EXTCLK0                 ; Untyped               ;
; BANDWIDTH                     ; 0                       ; Untyped               ;
; BANDWIDTH_TYPE                ; AUTO                    ; Untyped               ;
; SPREAD_FREQUENCY              ; 0                       ; Untyped               ;
; DOWN_SPREAD                   ; 0                       ; Untyped               ;
; SELF_RESET_ON_GATED_LOSS_LOCK ; OFF                     ; Untyped               ;
; SELF_RESET_ON_LOSS_LOCK       ; OFF                     ; Untyped               ;
; CLK9_MULTIPLY_BY              ; 0                       ; Untyped               ;
; CLK8_MULTIPLY_BY              ; 0                       ; Untyped               ;
; CLK7_MULTIPLY_BY              ; 0                       ; Untyped               ;
; CLK6_MULTIPLY_BY              ; 0                       ; Untyped               ;
; CLK5_MULTIPLY_BY              ; 1                       ; Untyped               ;
; CLK4_MULTIPLY_BY              ; 1                       ; Untyped               ;
; CLK3_MULTIPLY_BY              ; 1                       ; Untyped               ;
; CLK2_MULTIPLY_BY              ; 1                       ; Untyped               ;
; CLK1_MULTIPLY_BY              ; 1                       ; Signed Integer        ;
; CLK0_MULTIPLY_BY              ; 1                       ; Signed Integer        ;
; CLK9_DIVIDE_BY                ; 0                       ; Untyped               ;
; CLK8_DIVIDE_BY                ; 0                       ; Untyped               ;
; CLK7_DIVIDE_BY                ; 0                       ; Untyped               ;
; CLK6_DIVIDE_BY                ; 0                       ; Untyped               ;
; CLK5_DIVIDE_BY                ; 1                       ; Untyped               ;
; CLK4_DIVIDE_BY                ; 1                       ; Untyped               ;
; CLK3_DIVIDE_BY                ; 1                       ; Untyped               ;
; CLK2_DIVIDE_BY                ; 1                       ; Untyped               ;
; CLK1_DIVIDE_BY                ; 6000                    ; Signed Integer        ;
; CLK0_DIVIDE_BY                ; 12                      ; Signed Integer        ;
; CLK9_PHASE_SHIFT              ; 0                       ; Untyped               ;
; CLK8_PHASE_SHIFT              ; 0                       ; Untyped               ;
; CLK7_PHASE_SHIFT              ; 0                       ; Untyped               ;
; CLK6_PHASE_SHIFT              ; 0                       ; Untyped               ;
; CLK5_PHASE_SHIFT              ; 0                       ; Untyped               ;
; CLK4_PHASE_SHIFT              ; 0                       ; Untyped               ;
; CLK3_PHASE_SHIFT              ; 0                       ; Untyped               ;
; CLK2_PHASE_SHIFT              ; 0                       ; Untyped               ;
; CLK1_PHASE_SHIFT              ; 0                       ; Untyped               ;
; CLK0_PHASE_SHIFT              ; 0                       ; Untyped               ;
; CLK5_TIME_DELAY               ; 0                       ; Untyped               ;
; CLK4_TIME_DELAY               ; 0                       ; Untyped               ;
; CLK3_TIME_DELAY               ; 0                       ; Untyped               ;
; CLK2_TIME_DELAY               ; 0                       ; Untyped               ;
; CLK1_TIME_DELAY               ; 0                       ; Untyped               ;
; CLK0_TIME_DELAY               ; 0                       ; Untyped               ;
; CLK9_DUTY_CYCLE               ; 50                      ; Untyped               ;
; CLK8_DUTY_CYCLE               ; 50                      ; Untyped               ;
; CLK7_DUTY_CYCLE               ; 50                      ; Untyped               ;
; CLK6_DUTY_CYCLE               ; 50                      ; Untyped               ;
; CLK5_DUTY_CYCLE               ; 50                      ; Untyped               ;
; CLK4_DUTY_CYCLE               ; 50                      ; Untyped               ;
; CLK3_DUTY_CYCLE               ; 50                      ; Untyped               ;
; CLK2_DUTY_CYCLE               ; 50                      ; Untyped               ;
; CLK1_DUTY_CYCLE               ; 50                      ; Signed Integer        ;
; CLK0_DUTY_CYCLE               ; 50                      ; Signed Integer        ;
; CLK9_USE_EVEN_COUNTER_MODE    ; OFF                     ; Untyped               ;
; CLK8_USE_EVEN_COUNTER_MODE    ; OFF                     ; Untyped               ;
; CLK7_USE_EVEN_COUNTER_MODE    ; OFF                     ; Untyped               ;
; CLK6_USE_EVEN_COUNTER_MODE    ; OFF                     ; Untyped               ;
; CLK5_USE_EVEN_COUNTER_MODE    ; OFF                     ; Untyped               ;
; CLK4_USE_EVEN_COUNTER_MODE    ; OFF                     ; Untyped               ;
; CLK3_USE_EVEN_COUNTER_MODE    ; OFF                     ; Untyped               ;
; CLK2_USE_EVEN_COUNTER_MODE    ; OFF                     ; Untyped               ;
; CLK1_USE_EVEN_COUNTER_MODE    ; OFF                     ; Untyped               ;
; CLK0_USE_EVEN_COUNTER_MODE    ; OFF                     ; Untyped               ;
; CLK9_USE_EVEN_COUNTER_VALUE   ; OFF                     ; Untyped               ;
; CLK8_USE_EVEN_COUNTER_VALUE   ; OFF                     ; Untyped               ;
; CLK7_USE_EVEN_COUNTER_VALUE   ; OFF                     ; Untyped               ;
; CLK6_USE_EVEN_COUNTER_VALUE   ; OFF                     ; Untyped               ;
; CLK5_USE_EVEN_COUNTER_VALUE   ; OFF                     ; Untyped               ;
; CLK4_USE_EVEN_COUNTER_VALUE   ; OFF                     ; Untyped               ;
; CLK3_USE_EVEN_COUNTER_VALUE   ; OFF                     ; Untyped               ;
; CLK2_USE_EVEN_COUNTER_VALUE   ; OFF                     ; Untyped               ;
; CLK1_USE_EVEN_COUNTER_VALUE   ; OFF                     ; Untyped               ;
; CLK0_USE_EVEN_COUNTER_VALUE   ; OFF                     ; Untyped               ;
; LOCK_WINDOW_UI                ;  0.05                   ; Untyped               ;
; LOCK_WINDOW_UI_BITS           ; UNUSED                  ; Untyped               ;
; VCO_RANGE_DETECTOR_LOW_BITS   ; UNUSED                  ; Untyped               ;
; VCO_RANGE_DETECTOR_HIGH_BITS  ; UNUSED                  ; Untyped               ;
; DPA_MULTIPLY_BY               ; 0                       ; Untyped               ;
; DPA_DIVIDE_BY                 ; 1                       ; Untyped               ;
; DPA_DIVIDER                   ; 0                       ; Untyped               ;
; EXTCLK3_MULTIPLY_BY           ; 1                       ; Untyped               ;
; EXTCLK2_MULTIPLY_BY           ; 1                       ; Untyped               ;
; EXTCLK1_MULTIPLY_BY           ; 1                       ; Untyped               ;
; EXTCLK0_MULTIPLY_BY           ; 1                       ; Untyped               ;
; EXTCLK3_DIVIDE_BY             ; 1                       ; Untyped               ;
; EXTCLK2_DIVIDE_BY             ; 1                       ; Untyped               ;
; EXTCLK1_DIVIDE_BY             ; 1                       ; Untyped               ;
; EXTCLK0_DIVIDE_BY             ; 1                       ; Untyped               ;
; EXTCLK3_PHASE_SHIFT           ; 0                       ; Untyped               ;
; EXTCLK2_PHASE_SHIFT           ; 0                       ; Untyped               ;
; EXTCLK1_PHASE_SHIFT           ; 0                       ; Untyped               ;
; EXTCLK0_PHASE_SHIFT           ; 0                       ; Untyped               ;
; EXTCLK3_TIME_DELAY            ; 0                       ; Untyped               ;
; EXTCLK2_TIME_DELAY            ; 0                       ; Untyped               ;
; EXTCLK1_TIME_DELAY            ; 0                       ; Untyped               ;
; EXTCLK0_TIME_DELAY            ; 0                       ; Untyped               ;
; EXTCLK3_DUTY_CYCLE            ; 50                      ; Untyped               ;
; EXTCLK2_DUTY_CYCLE            ; 50                      ; Untyped               ;
; EXTCLK1_DUTY_CYCLE            ; 50                      ; Untyped               ;
; EXTCLK0_DUTY_CYCLE            ; 50                      ; Untyped               ;
; VCO_MULTIPLY_BY               ; 0                       ; Untyped               ;
; VCO_DIVIDE_BY                 ; 0                       ; Untyped               ;
; SCLKOUT0_PHASE_SHIFT          ; 0                       ; Untyped               ;
; SCLKOUT1_PHASE_SHIFT          ; 0                       ; Untyped               ;
; VCO_MIN                       ; 0                       ; Untyped               ;
; VCO_MAX                       ; 0                       ; Untyped               ;
; VCO_CENTER                    ; 0                       ; Untyped               ;
; PFD_MIN                       ; 0                       ; Untyped               ;
; PFD_MAX                       ; 0                       ; Untyped               ;
; M_INITIAL                     ; 0                       ; Untyped               ;
; M                             ; 0                       ; Untyped               ;
; N                             ; 1                       ; Untyped               ;
; M2                            ; 1                       ; Untyped               ;
; N2                            ; 1                       ; Untyped               ;
; SS                            ; 1                       ; Untyped               ;
; C0_HIGH                       ; 0                       ; Untyped               ;
; C1_HIGH                       ; 0                       ; Untyped               ;
; C2_HIGH                       ; 0                       ; Untyped               ;
; C3_HIGH                       ; 0                       ; Untyped               ;
; C4_HIGH                       ; 0                       ; Untyped               ;
; C5_HIGH                       ; 0                       ; Untyped               ;
; C6_HIGH                       ; 0                       ; Untyped               ;
; C7_HIGH                       ; 0                       ; Untyped               ;
; C8_HIGH                       ; 0                       ; Untyped               ;
; C9_HIGH                       ; 0                       ; Untyped               ;
; C0_LOW                        ; 0                       ; Untyped               ;
; C1_LOW                        ; 0                       ; Untyped               ;
; C2_LOW                        ; 0                       ; Untyped               ;
; C3_LOW                        ; 0                       ; Untyped               ;
; C4_LOW                        ; 0                       ; Untyped               ;
; C5_LOW                        ; 0                       ; Untyped               ;
; C6_LOW                        ; 0                       ; Untyped               ;
; C7_LOW                        ; 0                       ; Untyped               ;
; C8_LOW                        ; 0                       ; Untyped               ;
; C9_LOW                        ; 0                       ; Untyped               ;
; C0_INITIAL                    ; 0                       ; Untyped               ;
; C1_INITIAL                    ; 0                       ; Untyped               ;
; C2_INITIAL                    ; 0                       ; Untyped               ;
; C3_INITIAL                    ; 0                       ; Untyped               ;
; C4_INITIAL                    ; 0                       ; Untyped               ;
; C5_INITIAL                    ; 0                       ; Untyped               ;
; C6_INITIAL                    ; 0                       ; Untyped               ;
; C7_INITIAL                    ; 0                       ; Untyped               ;
; C8_INITIAL                    ; 0                       ; Untyped               ;
; C9_INITIAL                    ; 0                       ; Untyped               ;
; C0_MODE                       ; BYPASS                  ; Untyped               ;
; C1_MODE                       ; BYPASS                  ; Untyped               ;
; C2_MODE                       ; BYPASS                  ; Untyped               ;
; C3_MODE                       ; BYPASS                  ; Untyped               ;
; C4_MODE                       ; BYPASS                  ; Untyped               ;
; C5_MODE                       ; BYPASS                  ; Untyped               ;
; C6_MODE                       ; BYPASS                  ; Untyped               ;
; C7_MODE                       ; BYPASS                  ; Untyped               ;
; C8_MODE                       ; BYPASS                  ; Untyped               ;
; C9_MODE                       ; BYPASS                  ; Untyped               ;
; C0_PH                         ; 0                       ; Untyped               ;
; C1_PH                         ; 0                       ; Untyped               ;
; C2_PH                         ; 0                       ; Untyped               ;
; C3_PH                         ; 0                       ; Untyped               ;
; C4_PH                         ; 0                       ; Untyped               ;
; C5_PH                         ; 0                       ; Untyped               ;
; C6_PH                         ; 0                       ; Untyped               ;
; C7_PH                         ; 0                       ; Untyped               ;
; C8_PH                         ; 0                       ; Untyped               ;
; C9_PH                         ; 0                       ; Untyped               ;
; L0_HIGH                       ; 1                       ; Untyped               ;
; L1_HIGH                       ; 1                       ; Untyped               ;
; G0_HIGH                       ; 1                       ; Untyped               ;
; G1_HIGH                       ; 1                       ; Untyped               ;
; G2_HIGH                       ; 1                       ; Untyped               ;
; G3_HIGH                       ; 1                       ; Untyped               ;
; E0_HIGH                       ; 1                       ; Untyped               ;
; E1_HIGH                       ; 1                       ; Untyped               ;
; E2_HIGH                       ; 1                       ; Untyped               ;
; E3_HIGH                       ; 1                       ; Untyped               ;
; L0_LOW                        ; 1                       ; Untyped               ;
; L1_LOW                        ; 1                       ; Untyped               ;
; G0_LOW                        ; 1                       ; Untyped               ;
; G1_LOW                        ; 1                       ; Untyped               ;
; G2_LOW                        ; 1                       ; Untyped               ;
; G3_LOW                        ; 1                       ; Untyped               ;
; E0_LOW                        ; 1                       ; Untyped               ;
; E1_LOW                        ; 1                       ; Untyped               ;
; E2_LOW                        ; 1                       ; Untyped               ;
; E3_LOW                        ; 1                       ; Untyped               ;
; L0_INITIAL                    ; 1                       ; Untyped               ;
; L1_INITIAL                    ; 1                       ; Untyped               ;
; G0_INITIAL                    ; 1                       ; Untyped               ;
; G1_INITIAL                    ; 1                       ; Untyped               ;
; G2_INITIAL                    ; 1                       ; Untyped               ;
; G3_INITIAL                    ; 1                       ; Untyped               ;
; E0_INITIAL                    ; 1                       ; Untyped               ;
; E1_INITIAL                    ; 1                       ; Untyped               ;
; E2_INITIAL                    ; 1                       ; Untyped               ;
; E3_INITIAL                    ; 1                       ; Untyped               ;
; L0_MODE                       ; BYPASS                  ; Untyped               ;
; L1_MODE                       ; BYPASS                  ; Untyped               ;
; G0_MODE                       ; BYPASS                  ; Untyped               ;
; G1_MODE                       ; BYPASS                  ; Untyped               ;
; G2_MODE                       ; BYPASS                  ; Untyped               ;
; G3_MODE                       ; BYPASS                  ; Untyped               ;
; E0_MODE                       ; BYPASS                  ; Untyped               ;
; E1_MODE                       ; BYPASS                  ; Untyped               ;
; E2_MODE                       ; BYPASS                  ; Untyped               ;
; E3_MODE                       ; BYPASS                  ; Untyped               ;
; L0_PH                         ; 0                       ; Untyped               ;
; L1_PH                         ; 0                       ; Untyped               ;
; G0_PH                         ; 0                       ; Untyped               ;
; G1_PH                         ; 0                       ; Untyped               ;
; G2_PH                         ; 0                       ; Untyped               ;
; G3_PH                         ; 0                       ; Untyped               ;
; E0_PH                         ; 0                       ; Untyped               ;
; E1_PH                         ; 0                       ; Untyped               ;
; E2_PH                         ; 0                       ; Untyped               ;
; E3_PH                         ; 0                       ; Untyped               ;
; M_PH                          ; 0                       ; Untyped               ;
; C1_USE_CASC_IN                ; OFF                     ; Untyped               ;
; C2_USE_CASC_IN                ; OFF                     ; Untyped               ;
; C3_USE_CASC_IN                ; OFF                     ; Untyped               ;
; C4_USE_CASC_IN                ; OFF                     ; Untyped               ;
; C5_USE_CASC_IN                ; OFF                     ; Untyped               ;
; C6_USE_CASC_IN                ; OFF                     ; Untyped               ;
; C7_USE_CASC_IN                ; OFF                     ; Untyped               ;
; C8_USE_CASC_IN                ; OFF                     ; Untyped               ;
; C9_USE_CASC_IN                ; OFF                     ; Untyped               ;
; CLK0_COUNTER                  ; G0                      ; Untyped               ;
; CLK1_COUNTER                  ; G0                      ; Untyped               ;
; CLK2_COUNTER                  ; G0                      ; Untyped               ;
; CLK3_COUNTER                  ; G0                      ; Untyped               ;
; CLK4_COUNTER                  ; G0                      ; Untyped               ;
; CLK5_COUNTER                  ; G0                      ; Untyped               ;
; CLK6_COUNTER                  ; E0                      ; Untyped               ;
; CLK7_COUNTER                  ; E1                      ; Untyped               ;
; CLK8_COUNTER                  ; E2                      ; Untyped               ;
; CLK9_COUNTER                  ; E3                      ; Untyped               ;
; L0_TIME_DELAY                 ; 0                       ; Untyped               ;
; L1_TIME_DELAY                 ; 0                       ; Untyped               ;
; G0_TIME_DELAY                 ; 0                       ; Untyped               ;
; G1_TIME_DELAY                 ; 0                       ; Untyped               ;
; G2_TIME_DELAY                 ; 0                       ; Untyped               ;
; G3_TIME_DELAY                 ; 0                       ; Untyped               ;
; E0_TIME_DELAY                 ; 0                       ; Untyped               ;
; E1_TIME_DELAY                 ; 0                       ; Untyped               ;
; E2_TIME_DELAY                 ; 0                       ; Untyped               ;
; E3_TIME_DELAY                 ; 0                       ; Untyped               ;
; M_TIME_DELAY                  ; 0                       ; Untyped               ;
; N_TIME_DELAY                  ; 0                       ; Untyped               ;
; EXTCLK3_COUNTER               ; E3                      ; Untyped               ;
; EXTCLK2_COUNTER               ; E2                      ; Untyped               ;
; EXTCLK1_COUNTER               ; E1                      ; Untyped               ;
; EXTCLK0_COUNTER               ; E0                      ; Untyped               ;
; ENABLE0_COUNTER               ; L0                      ; Untyped               ;
; ENABLE1_COUNTER               ; L0                      ; Untyped               ;
; CHARGE_PUMP_CURRENT           ; 2                       ; Untyped               ;
; LOOP_FILTER_R                 ;  1.000000               ; Untyped               ;
; LOOP_FILTER_C                 ; 5                       ; Untyped               ;
; CHARGE_PUMP_CURRENT_BITS      ; 9999                    ; Untyped               ;
; LOOP_FILTER_R_BITS            ; 9999                    ; Untyped               ;
; LOOP_FILTER_C_BITS            ; 9999                    ; Untyped               ;
; VCO_POST_SCALE                ; 0                       ; Untyped               ;
; CLK2_OUTPUT_FREQUENCY         ; 0                       ; Untyped               ;
; CLK1_OUTPUT_FREQUENCY         ; 0                       ; Untyped               ;
; CLK0_OUTPUT_FREQUENCY         ; 0                       ; Untyped               ;
; INTENDED_DEVICE_FAMILY        ; MAX 10                  ; Untyped               ;
; PORT_CLKENA0                  ; PORT_UNUSED             ; Untyped               ;
; PORT_CLKENA1                  ; PORT_UNUSED             ; Untyped               ;
; PORT_CLKENA2                  ; PORT_UNUSED             ; Untyped               ;
; PORT_CLKENA3                  ; PORT_UNUSED             ; Untyped               ;
; PORT_CLKENA4                  ; PORT_UNUSED             ; Untyped               ;
; PORT_CLKENA5                  ; PORT_UNUSED             ; Untyped               ;
; PORT_EXTCLKENA0               ; PORT_CONNECTIVITY       ; Untyped               ;
; PORT_EXTCLKENA1               ; PORT_CONNECTIVITY       ; Untyped               ;
; PORT_EXTCLKENA2               ; PORT_CONNECTIVITY       ; Untyped               ;
; PORT_EXTCLKENA3               ; PORT_CONNECTIVITY       ; Untyped               ;
; PORT_EXTCLK0                  ; PORT_UNUSED             ; Untyped               ;
; PORT_EXTCLK1                  ; PORT_UNUSED             ; Untyped               ;
; PORT_EXTCLK2                  ; PORT_UNUSED             ; Untyped               ;
; PORT_EXTCLK3                  ; PORT_UNUSED             ; Untyped               ;
; PORT_CLKBAD0                  ; PORT_UNUSED             ; Untyped               ;
; PORT_CLKBAD1                  ; PORT_UNUSED             ; Untyped               ;
; PORT_CLK0                     ; PORT_USED               ; Untyped               ;
; PORT_CLK1                     ; PORT_USED               ; Untyped               ;
; PORT_CLK2                     ; PORT_UNUSED             ; Untyped               ;
; PORT_CLK3                     ; PORT_UNUSED             ; Untyped               ;
; PORT_CLK4                     ; PORT_UNUSED             ; Untyped               ;
; PORT_CLK5                     ; PORT_UNUSED             ; Untyped               ;
; PORT_CLK6                     ; PORT_UNUSED             ; Untyped               ;
; PORT_CLK7                     ; PORT_UNUSED             ; Untyped               ;
; PORT_CLK8                     ; PORT_UNUSED             ; Untyped               ;
; PORT_CLK9                     ; PORT_UNUSED             ; Untyped               ;
; PORT_SCANDATA                 ; PORT_UNUSED             ; Untyped               ;
; PORT_SCANDATAOUT              ; PORT_UNUSED             ; Untyped               ;
; PORT_SCANDONE                 ; PORT_UNUSED             ; Untyped               ;
; PORT_SCLKOUT1                 ; PORT_CONNECTIVITY       ; Untyped               ;
; PORT_SCLKOUT0                 ; PORT_CONNECTIVITY       ; Untyped               ;
; PORT_ACTIVECLOCK              ; PORT_UNUSED             ; Untyped               ;
; PORT_CLKLOSS                  ; PORT_UNUSED             ; Untyped               ;
; PORT_INCLK1                   ; PORT_UNUSED             ; Untyped               ;
; PORT_INCLK0                   ; PORT_USED               ; Untyped               ;
; PORT_FBIN                     ; PORT_UNUSED             ; Untyped               ;
; PORT_PLLENA                   ; PORT_UNUSED             ; Untyped               ;
; PORT_CLKSWITCH                ; PORT_UNUSED             ; Untyped               ;
; PORT_ARESET                   ; PORT_UNUSED             ; Untyped               ;
; PORT_PFDENA                   ; PORT_UNUSED             ; Untyped               ;
; PORT_SCANCLK                  ; PORT_UNUSED             ; Untyped               ;
; PORT_SCANACLR                 ; PORT_UNUSED             ; Untyped               ;
; PORT_SCANREAD                 ; PORT_UNUSED             ; Untyped               ;
; PORT_SCANWRITE                ; PORT_UNUSED             ; Untyped               ;
; PORT_ENABLE0                  ; PORT_CONNECTIVITY       ; Untyped               ;
; PORT_ENABLE1                  ; PORT_CONNECTIVITY       ; Untyped               ;
; PORT_LOCKED                   ; PORT_UNUSED             ; Untyped               ;
; PORT_CONFIGUPDATE             ; PORT_UNUSED             ; Untyped               ;
; PORT_FBOUT                    ; PORT_CONNECTIVITY       ; Untyped               ;
; PORT_PHASEDONE                ; PORT_UNUSED             ; Untyped               ;
; PORT_PHASESTEP                ; PORT_UNUSED             ; Untyped               ;
; PORT_PHASEUPDOWN              ; PORT_UNUSED             ; Untyped               ;
; PORT_SCANCLKENA               ; PORT_UNUSED             ; Untyped               ;
; PORT_PHASECOUNTERSELECT       ; PORT_UNUSED             ; Untyped               ;
; PORT_VCOOVERRANGE             ; PORT_CONNECTIVITY       ; Untyped               ;
; PORT_VCOUNDERRANGE            ; PORT_CONNECTIVITY       ; Untyped               ;
; M_TEST_SOURCE                 ; 5                       ; Untyped               ;
; C0_TEST_SOURCE                ; 5                       ; Untyped               ;
; C1_TEST_SOURCE                ; 5                       ; Untyped               ;
; C2_TEST_SOURCE                ; 5                       ; Untyped               ;
; C3_TEST_SOURCE                ; 5                       ; Untyped               ;
; C4_TEST_SOURCE                ; 5                       ; Untyped               ;
; C5_TEST_SOURCE                ; 5                       ; Untyped               ;
; C6_TEST_SOURCE                ; 5                       ; Untyped               ;
; C7_TEST_SOURCE                ; 5                       ; Untyped               ;
; C8_TEST_SOURCE                ; 5                       ; Untyped               ;
; C9_TEST_SOURCE                ; 5                       ; Untyped               ;
; CBXI_PARAMETER                ; clock_altpll            ; Untyped               ;
; VCO_FREQUENCY_CONTROL         ; AUTO                    ; Untyped               ;
; VCO_PHASE_SHIFT_STEP          ; 0                       ; Untyped               ;
; WIDTH_CLOCK                   ; 5                       ; Signed Integer        ;
; WIDTH_PHASECOUNTERSELECT      ; 4                       ; Untyped               ;
; USING_FBMIMICBIDIR_PORT       ; OFF                     ; Untyped               ;
; DEVICE_FAMILY                 ; MAX 10                  ; Untyped               ;
; SCAN_CHAIN_MIF_FILE           ; UNUSED                  ; Untyped               ;
; SIM_GATE_LOCK_DEVICE_BEHAVIOR ; OFF                     ; Untyped               ;
; AUTO_CARRY_CHAINS             ; ON                      ; AUTO_CARRY            ;
; IGNORE_CARRY_BUFFERS          ; OFF                     ; IGNORE_CARRY          ;
; AUTO_CASCADE_CHAINS           ; ON                      ; AUTO_CASCADE          ;
; IGNORE_CASCADE_BUFFERS        ; OFF                     ; IGNORE_CASCADE        ;
+-------------------------------+-------------------------+-----------------------+
Note: In order to hide this table in the UI and the text report file, please set the "Show Parameter Settings in Synthesis Report" option in "Analysis and Synthesis Settings -> More Settings" to "Off".


+--------------------------------------------------------------------+
; altpll Parameter Settings by Entity Instance                       ;
+-------------------------------+------------------------------------+
; Name                          ; Value                              ;
+-------------------------------+------------------------------------+
; Number of entity instances    ; 1                                  ;
; Entity Instance               ; clock:inst|altpll:altpll_component ;
;     -- OPERATION_MODE         ; NORMAL                             ;
;     -- PLL_TYPE               ; AUTO                               ;
;     -- PRIMARY_CLOCK          ; INCLK0                             ;
;     -- INCLK0_INPUT_FREQUENCY ; 83333                              ;
;     -- INCLK1_INPUT_FREQUENCY ; 0                                  ;
;     -- VCO_MULTIPLY_BY        ; 0                                  ;
;     -- VCO_DIVIDE_BY          ; 0                                  ;
+-------------------------------+------------------------------------+


+-----------------------------------------------------+
; Post-Synthesis Netlist Statistics for Top Partition ;
+-----------------------+-----------------------------+
; Type                  ; Count                       ;
+-----------------------+-----------------------------+
; boundary_port         ; 12                          ;
; cycloneiii_ff         ; 54                          ;
;     CLR               ; 20                          ;
;     SLD               ; 11                          ;
;     plain             ; 23                          ;
; cycloneiii_lcell_comb ; 282                         ;
;     arith             ; 25                          ;
;         2 data inputs ; 23                          ;
;         3 data inputs ; 2                           ;
;     normal            ; 257                         ;
;         1 data inputs ; 8                           ;
;         2 data inputs ; 18                          ;
;         3 data inputs ; 35                          ;
;         4 data inputs ; 196                         ;
; cycloneiii_pll        ; 1                           ;
;                       ;                             ;
; Max LUT depth         ; 9.00                        ;
; Average LUT depth     ; 5.44                        ;
+-----------------------+-----------------------------+


+-------------------------------+
; Elapsed Time Per Partition    ;
+----------------+--------------+
; Partition Name ; Elapsed Time ;
+----------------+--------------+
; Top            ; 00:00:02     ;
+----------------+--------------+


+-------------------------------+
; Analysis & Synthesis Messages ;
+-------------------------------+
Info: *******************************************************************
Info: Running Quartus Prime Analysis & Synthesis
    Info: Version 18.1.0 Build 625 09/12/2018 SJ Lite Edition
    Info: Processing started: Sun Apr 28 11:10:30 2024
Info: Command: quartus_map --read_settings_files=on --write_settings_files=off piano -c piano
Warning (18236): Number of processors has not been specified which may cause overloading on shared machines.  Set the global assignment NUM_PARALLEL_PROCESSORS in your QSF to an appropriate value for best performance.
Info (20030): Parallel compilation is enabled and will use 16 of the 16 processors detected
Info (12021): Found 1 design units, including 1 entities, in source file mat_key.v
    Info (12023): Found entity 1: mat_key File: C:/code/piano/mat_key.v Line: 1
Info (12021): Found 1 design units, including 1 entities, in source file select_music.v
    Info (12023): Found entity 1: select_music File: C:/code/piano/select_music.v Line: 1
Info (12021): Found 1 design units, including 1 entities, in source file spker.v
    Info (12023): Found entity 1: SPKER File: C:/code/piano/SPKER.v Line: 1
Info (12021): Found 1 design units, including 1 entities, in source file fdiv.v
    Info (12023): Found entity 1: FDIV File: C:/code/piano/FDIV.v Line: 1
Info (12021): Found 1 design units, including 1 entities, in source file f_code.v
    Info (12023): Found entity 1: F_CODE File: C:/code/piano/F_CODE.v Line: 1
Info (12021): Found 1 design units, including 1 entities, in source file cnt138t.v
    Info (12023): Found entity 1: CNT138T File: C:/code/piano/CNT138T.v Line: 1
Info (12021): Found 1 design units, including 1 entities, in source file rom_music.v
    Info (12023): Found entity 1: ROM_music File: C:/code/piano/ROM_music.v Line: 1
Info (12021): Found 1 design units, including 1 entities, in source file piano.bdf
    Info (12023): Found entity 1: piano
Info (12021): Found 1 design units, including 1 entities, in source file rom_music2.v
    Info (12023): Found entity 1: ROM_music2 File: C:/code/piano/ROM_music2.v Line: 1
Info (12021): Found 1 design units, including 1 entities, in source file rom_music3.v
    Info (12023): Found entity 1: ROM_music3 File: C:/code/piano/ROM_music3.v Line: 1
Info (12021): Found 1 design units, including 1 entities, in source file rom_music1.v
    Info (12023): Found entity 1: ROM_music1 File: C:/code/piano/ROM_music1.v Line: 1
Info (12021): Found 1 design units, including 1 entities, in source file clock.v
    Info (12023): Found entity 1: clock File: C:/code/piano/clock.v Line: 39
Info (12021): Found 1 design units, including 1 entities, in source file select.v
    Info (12023): Found entity 1: select File: C:/code/piano/select.v Line: 1
Info (12021): Found 1 design units, including 1 entities, in source file debounce.v
    Info (12023): Found entity 1: debounce File: C:/code/piano/debounce.v Line: 1
Info (12127): Elaborating entity "piano" for the top level hierarchy
Info (12128): Elaborating entity "SPKER" for hierarchy "SPKER:inst5"
Warning (10230): Verilog HDL assignment warning at SPKER.v(6): truncated value with size 32 to match size of target (11) File: C:/code/piano/SPKER.v Line: 6
Info (12128): Elaborating entity "clock" for hierarchy "clock:inst"
Info (12128): Elaborating entity "altpll" for hierarchy "clock:inst|altpll:altpll_component" File: C:/code/piano/clock.v Line: 94
Info (12130): Elaborated megafunction instantiation "clock:inst|altpll:altpll_component" File: C:/code/piano/clock.v Line: 94
Info (12133): Instantiated megafunction "clock:inst|altpll:altpll_component" with the following parameter: File: C:/code/piano/clock.v Line: 94
    Info (12134): Parameter "bandwidth_type" = "AUTO"
    Info (12134): Parameter "clk0_divide_by" = "12"
    Info (12134): Parameter "clk0_duty_cycle" = "50"
    Info (12134): Parameter "clk0_multiply_by" = "1"
    Info (12134): Parameter "clk0_phase_shift" = "0"
    Info (12134): Parameter "clk1_divide_by" = "6000"
    Info (12134): Parameter "clk1_duty_cycle" = "50"
    Info (12134): Parameter "clk1_multiply_by" = "1"
    Info (12134): Parameter "clk1_phase_shift" = "0"
    Info (12134): Parameter "compensate_clock" = "CLK0"
    Info (12134): Parameter "inclk0_input_frequency" = "83333"
    Info (12134): Parameter "intended_device_family" = "MAX 10"
    Info (12134): Parameter "lpm_hint" = "CBX_MODULE_PREFIX=clock"
    Info (12134): Parameter "lpm_type" = "altpll"
    Info (12134): Parameter "operation_mode" = "NORMAL"
    Info (12134): Parameter "pll_type" = "AUTO"
    Info (12134): Parameter "port_activeclock" = "PORT_UNUSED"
    Info (12134): Parameter "port_areset" = "PORT_UNUSED"
    Info (12134): Parameter "port_clkbad0" = "PORT_UNUSED"
    Info (12134): Parameter "port_clkbad1" = "PORT_UNUSED"
    Info (12134): Parameter "port_clkloss" = "PORT_UNUSED"
    Info (12134): Parameter "port_clkswitch" = "PORT_UNUSED"
    Info (12134): Parameter "port_configupdate" = "PORT_UNUSED"
    Info (12134): Parameter "port_fbin" = "PORT_UNUSED"
    Info (12134): Parameter "port_inclk0" = "PORT_USED"
    Info (12134): Parameter "port_inclk1" = "PORT_UNUSED"
    Info (12134): Parameter "port_locked" = "PORT_UNUSED"
    Info (12134): Parameter "port_pfdena" = "PORT_UNUSED"
    Info (12134): Parameter "port_phasecounterselect" = "PORT_UNUSED"
    Info (12134): Parameter "port_phasedone" = "PORT_UNUSED"
    Info (12134): Parameter "port_phasestep" = "PORT_UNUSED"
    Info (12134): Parameter "port_phaseupdown" = "PORT_UNUSED"
    Info (12134): Parameter "port_pllena" = "PORT_UNUSED"
    Info (12134): Parameter "port_scanaclr" = "PORT_UNUSED"
    Info (12134): Parameter "port_scanclk" = "PORT_UNUSED"
    Info (12134): Parameter "port_scanclkena" = "PORT_UNUSED"
    Info (12134): Parameter "port_scandata" = "PORT_UNUSED"
    Info (12134): Parameter "port_scandataout" = "PORT_UNUSED"
    Info (12134): Parameter "port_scandone" = "PORT_UNUSED"
    Info (12134): Parameter "port_scanread" = "PORT_UNUSED"
    Info (12134): Parameter "port_scanwrite" = "PORT_UNUSED"
    Info (12134): Parameter "port_clk0" = "PORT_USED"
    Info (12134): Parameter "port_clk1" = "PORT_USED"
    Info (12134): Parameter "port_clk2" = "PORT_UNUSED"
    Info (12134): Parameter "port_clk3" = "PORT_UNUSED"
    Info (12134): Parameter "port_clk4" = "PORT_UNUSED"
    Info (12134): Parameter "port_clk5" = "PORT_UNUSED"
    Info (12134): Parameter "port_clkena0" = "PORT_UNUSED"
    Info (12134): Parameter "port_clkena1" = "PORT_UNUSED"
    Info (12134): Parameter "port_clkena2" = "PORT_UNUSED"
    Info (12134): Parameter "port_clkena3" = "PORT_UNUSED"
    Info (12134): Parameter "port_clkena4" = "PORT_UNUSED"
    Info (12134): Parameter "port_clkena5" = "PORT_UNUSED"
    Info (12134): Parameter "port_extclk0" = "PORT_UNUSED"
    Info (12134): Parameter "port_extclk1" = "PORT_UNUSED"
    Info (12134): Parameter "port_extclk2" = "PORT_UNUSED"
    Info (12134): Parameter "port_extclk3" = "PORT_UNUSED"
    Info (12134): Parameter "width_clock" = "5"
Info (12021): Found 1 design units, including 1 entities, in source file db/clock_altpll.v
    Info (12023): Found entity 1: clock_altpll File: C:/code/piano/db/clock_altpll.v Line: 29
Info (12128): Elaborating entity "clock_altpll" for hierarchy "clock:inst|altpll:altpll_component|clock_altpll:auto_generated" File: c:/intelfpga_lite/18.1/quartus/libraries/megafunctions/altpll.tdf Line: 897
Info (12128): Elaborating entity "F_CODE" for hierarchy "F_CODE:inst4"
Info (12128): Elaborating entity "select" for hierarchy "select:inst12"
Info (12128): Elaborating entity "select_music" for hierarchy "select_music:inst11"
Warning (10230): Verilog HDL assignment warning at select_music.v(13): truncated value with size 32 to match size of target (2) File: C:/code/piano/select_music.v Line: 13
Info (12128): Elaborating entity "debounce" for hierarchy "debounce:inst14"
Info (12128): Elaborating entity "ROM_music" for hierarchy "ROM_music:inst1"
Warning (10858): Verilog HDL warning at ROM_music.v(6): object mem used but never assigned File: C:/code/piano/ROM_music.v Line: 6
Info (12128): Elaborating entity "FDIV" for hierarchy "FDIV:inst9"
Warning (10230): Verilog HDL assignment warning at FDIV.v(5): truncated value with size 32 to match size of target (11) File: C:/code/piano/FDIV.v Line: 5
Info (12128): Elaborating entity "CNT138T" for hierarchy "CNT138T:inst10"
Warning (10230): Verilog HDL assignment warning at CNT138T.v(13): truncated value with size 32 to match size of target (8) File: C:/code/piano/CNT138T.v Line: 13
Info (12128): Elaborating entity "ROM_music1" for hierarchy "ROM_music1:inst2"
Warning (10858): Verilog HDL warning at ROM_music1.v(6): object mem used but never assigned File: C:/code/piano/ROM_music1.v Line: 6
Info (12128): Elaborating entity "ROM_music2" for hierarchy "ROM_music2:inst3"
Warning (10858): Verilog HDL warning at ROM_music2.v(6): object mem used but never assigned File: C:/code/piano/ROM_music2.v Line: 6
Info (12128): Elaborating entity "ROM_music3" for hierarchy "ROM_music3:inst8"
Warning (10858): Verilog HDL warning at ROM_music3.v(6): object mem used but never assigned File: C:/code/piano/ROM_music3.v Line: 6
Info (12128): Elaborating entity "mat_key" for hierarchy "mat_key:inst13"
Warning (10230): Verilog HDL assignment warning at mat_key.v(35): truncated value with size 32 to match size of target (2) File: C:/code/piano/mat_key.v Line: 35
Info (276014): Found 4 instances of uninferred RAM logic
    Info (276013): RAM logic "ROM_music:inst1|mem" is uninferred because MIF is not supported for the selected family File: C:/code/piano/ROM_music.v Line: 6
    Info (276013): RAM logic "ROM_music1:inst2|mem" is uninferred because MIF is not supported for the selected family File: C:/code/piano/ROM_music1.v Line: 6
    Info (276013): RAM logic "ROM_music2:inst3|mem" is uninferred because MIF is not supported for the selected family File: C:/code/piano/ROM_music2.v Line: 6
    Info (276013): RAM logic "ROM_music3:inst8|mem" is uninferred because MIF is not supported for the selected family File: C:/code/piano/ROM_music3.v Line: 6
Info (13000): Registers with preset signals will power-up high File: C:/code/piano/FDIV.v Line: 5
Info (13003): DEV_CLRn pin will set, and not reset, register with preset signal due to NOT Gate Push-Back
Info (286030): Timing-Driven Synthesis is running
Info (144001): Generated suppressed messages file C:/code/piano/output_files/piano.map.smsg
Info (16010): Generating hard_block partition "hard_block:auto_generated_inst"
    Info (16011): Adding 1 node(s), including 0 DDIO, 1 PLL, 0 transceiver and 0 LCELL
Info (21057): Implemented 303 device resources after synthesis - the final resource count might be different
    Info (21058): Implemented 7 input pins
    Info (21059): Implemented 5 output pins
    Info (21061): Implemented 290 logic cells
    Info (21065): Implemented 1 PLLs
Info: Quartus Prime Analysis & Synthesis was successful. 0 errors, 10 warnings
    Info: Peak virtual memory: 4844 megabytes
    Info: Processing ended: Sun Apr 28 11:10:54 2024
    Info: Elapsed time: 00:00:24
    Info: Total CPU time (on all processors): 00:00:18


+------------------------------------------+
; Analysis & Synthesis Suppressed Messages ;
+------------------------------------------+
The suppressed messages can be found in C:/code/piano/output_files/piano.map.smsg.


